<?xml version="1.0" encoding="UTF-8"?>
<!-- Generated by org.testng.reporters.JUnitReportReporter -->
<testsuite hostname="LAPTOP-1KCOI99S" failures="0" tests="1" name="day1.PathandQueryParameter" time="1.627" errors="0" timestamp="2025-02-10T20:31:03 IST" skipped="0">
  <testcase classname="day1.PathandQueryParameter" name="testLogging" time="1.627"/>
</testsuite> <!-- day1.PathandQueryParameter -->
