<?xml version="1.0" encoding="UTF-8"?>
<!-- Generated by org.testng.reporters.JUnitReportReporter -->
<testsuite hostname="LAPTOP-1KCOI99S" failures="0" tests="1" name="day1.MultipleWayPayload" time="1.637" errors="0" timestamp="2025-02-11T11:14:35 IST" skipped="0">
  <testcase classname="day1.MultipleWayPayload" name="testPostUsingExternalJson" time="1.637"/>
</testsuite> <!-- day1.MultipleWayPayload -->
