<?xml version="1.0" encoding="UTF-8"?>
<!-- Generated by org.testng.reporters.JUnitReportReporter -->
<testsuite hostname="LAPTOP-1KCOI99S" failures="0" tests="4" name="day1.HTTPRequests" time="4.881" errors="0" timestamp="2025-02-10T13:48:05 IST" skipped="0">
  <testcase classname="day1.HTTPRequests" name="getUser" time="2.179"/>
  <testcase classname="day1.HTTPRequests" name="createUser" time="0.722"/>
  <testcase classname="day1.HTTPRequests" name="updateUser" time="1.468"/>
  <testcase classname="day1.HTTPRequests" name="deleteUser" time="0.512"/>
</testsuite> <!-- day1.HTTPRequests -->
